<?xml version="1.0" encoding="UTF-8"?>
<!-- Generated by org.testng.reporters.JUnitXMLReporter -->
<testsuite ignored="0" hostname="SSNakate" failures="1" tests="2" name="MyTest2" time="10.195" errors="0" timestamp="2024-02-06T12:02:33 IST">
  <testcase classname="seleniumcodesnippet.test.ScreenShotTest" name="loginGithub" time="9.793"/>
  <testcase classname="seleniumcodesnippet.test.ScreenShotTest" name="snapShot" time="0.0">
    <failure type="org.testng.TestNGException" message="
Cannot inject @Test annotated Method [snapShot] with [interface org.openqa.selenium.WebDriver, class java.lang.String].
For more information on native dependency injection please refer to https://testng.org/doc/documentation-main.html#native-dependency-injection">
      <![CDATA[org.testng.TestNGException: 
Cannot inject @Test annotated Method [snapShot] with [interface org.openqa.selenium.WebDriver, class java.lang.String].
For more information on native dependency injection please refer to https://testng.org/doc/documentation-main.html#native-dependency-injection
at java.base/java.util.ArrayList.forEach(ArrayList.java:1511)
... Removed 26 stack frames]]>
    </failure>
  </testcase> <!-- snapShot -->
</testsuite> <!-- MyTest2 -->
