<?xml version="1.0" encoding="UTF-8"?>
<!-- Generated by org.testng.reporters.JUnitXMLReporter -->
<testsuite ignored="0" hostname="SSNakate" failures="0" tests="20" name="Default test" time="1.621" errors="0" timestamp="2024-03-15T19:58:37 IST">
  <testcase classname="seleniumcodesnippet.ExcelReader" name="readData" time="0.01"/>
  <testcase classname="seleniumcodesnippet.ExcelReader" name="readData" time="0.01"/>
  <testcase classname="seleniumcodesnippet.ExcelReader" name="readData" time="0.012"/>
  <testcase classname="seleniumcodesnippet.ExcelReader" name="readData" time="0.005"/>
  <testcase classname="seleniumcodesnippet.ExcelReader" name="readData" time="0.003"/>
  <testcase classname="seleniumcodesnippet.ExcelReader" name="readData" time="0.009"/>
  <testcase classname="seleniumcodesnippet.ExcelReader" name="readData" time="0.006"/>
  <testcase classname="seleniumcodesnippet.ExcelReader" name="readData" time="0.003"/>
  <testcase classname="seleniumcodesnippet.ExcelReader" name="readData" time="0.004"/>
  <testcase classname="seleniumcodesnippet.ExcelReader" name="readData" time="0.004"/>
  <testcase classname="seleniumcodesnippet.ExcelReader" name="readData" time="0.018"/>
  <testcase classname="seleniumcodesnippet.ExcelReader" name="readData" time="0.003"/>
  <testcase classname="seleniumcodesnippet.ExcelReader" name="readData" time="0.005"/>
  <testcase classname="seleniumcodesnippet.ExcelReader" name="readData" time="0.003"/>
  <testcase classname="seleniumcodesnippet.ExcelReader" name="readData" time="0.006"/>
  <testcase classname="seleniumcodesnippet.ExcelReader" name="readData" time="0.002"/>
  <testcase classname="seleniumcodesnippet.ExcelReader" name="readData" time="0.003"/>
  <testcase classname="seleniumcodesnippet.ExcelReader" name="readData" time="0.002"/>
  <testcase classname="seleniumcodesnippet.ExcelReader" name="readData" time="0.006"/>
  <testcase classname="seleniumcodesnippet.ExcelReader" name="readData" time="0.001"/>
</testsuite> <!-- Default test -->
