<?xml version="1.0" encoding="UTF-8"?>
<testng-results ignored="0" total="1" passed="1" failed="0" skipped="0">
  <reporter-output>
  </reporter-output>
  <suite started-at="2023-07-01T21:15:13 IST" name="Default suite" finished-at="2023-07-01T21:15:19 IST" duration-ms="6145">
    <groups>
    </groups>
    <test started-at="2023-07-01T21:15:13 IST" name="Default test" finished-at="2023-07-01T21:15:19 IST" duration-ms="6145">
      <class name="seleniumcodesnippet.test.LaunchBrowserTest">
        <test-method signature="launchDiffDriver()[pri:0, instance:seleniumcodesnippet.test.LaunchBrowserTest@79924b]" started-at="2023-07-01T21:15:13 IST" name="launchDiffDriver" finished-at="2023-07-01T21:15:19 IST" duration-ms="5798" status="PASS">
          <reporter-output>
          </reporter-output>
        </test-method> <!-- launchDiffDriver -->
        <test-method is-config="true" signature="tearDown()[pri:0, instance:seleniumcodesnippet.test.LaunchBrowserTest@79924b]" started-at="2023-07-01T21:15:19 IST" name="tearDown" finished-at="2023-07-01T21:15:19 IST" duration-ms="291" status="PASS">
          <reporter-output>
          </reporter-output>
        </test-method> <!-- tearDown -->
      </class> <!-- seleniumcodesnippet.test.LaunchBrowserTest -->
    </test> <!-- Default test -->
  </suite> <!-- Default suite -->
</testng-results>
